# JRE version: OpenJDK Runtime Environment Microsoft-8035246 (17.0.8+7) (build 17.0.8+7-LTS)
# Java VM: OpenJDK 64-Bit Server VM Microsoft-8035246 (17.0.8+7-LTS, mixed mode, tiered, compressed oops, compressed class ptrs, g1 gc, windows-amd64)
GC Precious Log:
 CPUs: 16 total, 16 available
 Memory: 15712M
 Large Page Support: Disabled
 NUMA Support: Disabled
 Compressed Oops: Enabled (Zero based)
 Heap Region Size: 2M
 Heap Min Capacity: 256M
 Heap Initial Capacity: 256M
 Heap Max Capacity: 4G
 Pre-touch: Disabled
 Parallel Workers: 13
 Concurrent Workers: 3
 Concurrent Refinement Workers: 13
 Periodic GC: Disabled
Heap:
 garbage-first heap   total 888832K, used 703938K [0x0000000700000000, 0x0000000800000000)
  region size 2048K, 226 young (462848K), 31 survivors (63488K)
 Metaspace       used 94237K, committed 95616K, reserved 1179648K
  class space    used 13238K, committed 13888K, reserved 1048576K
GC Heap History (20 events):
Event: 22.228 GC heap before
{Heap before GC invocations=40 (full 0):
 garbage-first heap   total 458752K, used 395138K [0x0000000700000000, 0x0000000800000000)
  region size 2048K, 80 young (163840K), 1 survivors (2048K)
 Metaspace       used 46272K, committed 47488K, reserved 1114112K
  class space    used 5334K, committed 5888K, reserved 1048576K
}
Event: 22.231 GC heap after
{Heap after GC invocations=41 (full 0):
 garbage-first heap   total 458752K, used 234223K [0x0000000700000000, 0x0000000800000000)
  region size 2048K, 2 young (4096K), 2 survivors (4096K)
 Metaspace       used 46272K, committed 47488K, reserved 1114112K
  class space    used 5334K, committed 5888K, reserved 1048576K
}
Event: 22.684 GC heap before
{Heap before GC invocations=42 (full 0):
 garbage-first heap   total 458752K, used 393967K [0x0000000700000000, 0x0000000800000000)
  region size 2048K, 80 young (163840K), 2 survivors (4096K)
 Metaspace       used 46279K, committed 47488K, reserved 1114112K
  class space    used 5335K, committed 5888K, reserved 1048576K
}
Event: 22.687 GC heap after
{Heap after GC invocations=43 (full 0):
 garbage-first heap   total 458752K, used 235645K [0x0000000700000000, 0x0000000800000000)
  region size 2048K, 2 young (4096K), 2 survivors (4096K)
 Metaspace       used 46279K, committed 47488K, reserved 1114112K
  class space    used 5335K, committed 5888K, reserved 1048576K
}
Event: 22.712 GC heap before
{Heap before GC invocations=43 (full 0):
 garbage-first heap   total 458752K, used 252029K [0x0000000700000000, 0x0000000800000000)
  region size 2048K, 11 young (22528K), 2 survivors (4096K)
 Metaspace       used 46279K, committed 47488K, reserved 1114112K
  class space    used 5335K, committed 5888K, reserved 1048576K
}
Event: 22.714 GC heap after
{Heap after GC invocations=44 (full 0):
 garbage-first heap   total 458752K, used 235070K [0x0000000700000000, 0x0000000800000000)
  region size 2048K, 2 young (4096K), 2 survivors (4096K)
 Metaspace       used 46279K, committed 47488K, reserved 1114112K
  class space    used 5335K, committed 5888K, reserved 1048576K
}
Event: 22.972 GC heap before
{Heap before GC invocations=44 (full 0):
 garbage-first heap   total 458752K, used 396862K [0x0000000700000000, 0x0000000800000000)
  region size 2048K, 81 young (165888K), 2 survivors (4096K)
 Metaspace       used 46366K, committed 47552K, reserved 1114112K
  class space    used 5344K, committed 5888K, reserved 1048576K
}
Event: 22.976 GC heap after
{Heap after GC invocations=45 (full 0):
 garbage-first heap   total 458752K, used 238203K [0x0000000700000000, 0x0000000800000000)
  region size 2048K, 3 young (6144K), 3 survivors (6144K)
 Metaspace       used 46366K, committed 47552K, reserved 1114112K
  class space    used 5344K, committed 5888K, reserved 1048576K
}
Event: 23.427 GC heap before
{Heap before GC invocations=46 (full 0):
 garbage-first heap   total 468992K, used 397947K [0x0000000700000000, 0x0000000800000000)
  region size 2048K, 81 young (165888K), 3 survivors (6144K)
 Metaspace       used 47003K, committed 48128K, reserved 1114112K
  class space    used 5366K, committed 5888K, reserved 1048576K
}
Event: 23.433 GC heap after
{Heap after GC invocations=47 (full 0):
 garbage-first heap   total 468992K, used 244560K [0x0000000700000000, 0x0000000800000000)
  region size 2048K, 6 young (12288K), 6 survivors (12288K)
 Metaspace       used 47003K, committed 48128K, reserved 1114112K
  class space    used 5366K, committed 5888K, reserved 1048576K
}
Event: 23.463 GC heap before
{Heap before GC invocations=47 (full 0):
 garbage-first heap   total 468992K, used 254800K [0x0000000700000000, 0x0000000800000000)
  region size 2048K, 11 young (22528K), 6 survivors (12288K)
 Metaspace       used 47210K, committed 48320K, reserved 1114112K
  class space    used 5399K, committed 5952K, reserved 1048576K
}
Event: 23.468 GC heap after
{Heap after GC invocations=48 (full 0):
 garbage-first heap   total 468992K, used 245127K [0x0000000700000000, 0x0000000800000000)
  region size 2048K, 1 young (2048K), 1 survivors (2048K)
 Metaspace       used 47210K, committed 48320K, reserved 1114112K
  class space    used 5399K, committed 5952K, reserved 1048576K
}
Event: 23.860 GC heap before
{Heap before GC invocations=48 (full 0):
 garbage-first heap   total 468992K, used 402823K [0x0000000700000000, 0x0000000800000000)
  region size 2048K, 79 young (161792K), 1 survivors (2048K)
 Metaspace       used 47980K, committed 49152K, reserved 1114112K
  class space    used 5479K, committed 6016K, reserved 1048576K
}
Event: 23.866 GC heap after
{Heap after GC invocations=49 (full 0):
 garbage-first heap   total 888832K, used 249009K [0x0000000700000000, 0x0000000800000000)
  region size 2048K, 3 young (6144K), 3 survivors (6144K)
 Metaspace       used 47980K, committed 49152K, reserved 1114112K
  class space    used 5479K, committed 6016K, reserved 1048576K
}
Event: 25.407 GC heap before
{Heap before GC invocations=50 (full 0):
 garbage-first heap   total 888832K, used 713905K [0x0000000700000000, 0x0000000800000000)
  region size 2048K, 230 young (471040K), 3 survivors (6144K)
 Metaspace       used 51454K, committed 52544K, reserved 1114112K
  class space    used 5865K, committed 6400K, reserved 1048576K
}
Event: 25.413 GC heap after
{Heap after GC invocations=51 (full 0):
 garbage-first heap   total 888832K, used 258370K [0x0000000700000000, 0x0000000800000000)
  region size 2048K, 8 young (16384K), 8 survivors (16384K)
 Metaspace       used 51454K, committed 52544K, reserved 1114112K
  class space    used 5865K, committed 6400K, reserved 1048576K
}
Event: 27.044 GC heap before
{Heap before GC invocations=51 (full 0):
 garbage-first heap   total 888832K, used 745794K [0x0000000700000000, 0x0000000800000000)
  region size 2048K, 246 young (503808K), 8 survivors (16384K)
 Metaspace       used 58527K, committed 59776K, reserved 1114112K
  class space    used 7195K, committed 7744K, reserved 1048576K
}
Event: 27.059 GC heap after
{Heap after GC invocations=52 (full 0):
 garbage-first heap   total 888832K, used 267531K [0x0000000700000000, 0x0000000800000000)
  region size 2048K, 12 young (24576K), 12 survivors (24576K)
 Metaspace       used 58527K, committed 59776K, reserved 1114112K
  class space    used 7195K, committed 7744K, reserved 1048576K
}
Event: 30.956 GC heap before
{Heap before GC invocations=53 (full 0):
 garbage-first heap   total 888832K, used 752907K [0x0000000700000000, 0x0000000800000000)
  region size 2048K, 250 young (512000K), 12 survivors (24576K)
 Metaspace       used 77871K, committed 79168K, reserved 1179648K
  class space    used 10768K, committed 11392K, reserved 1048576K
}
Event: 30.978 GC heap after
{Heap after GC invocations=54 (full 0):
 garbage-first heap   total 888832K, used 306626K [0x0000000700000000, 0x0000000800000000)
  region size 2048K, 31 young (63488K), 31 survivors (63488K)
 Metaspace       used 77871K, committed 79168K, reserved 1179648K
  class space    used 10768K, committed 11392K, reserved 1048576K
}

